Using pre-set license
Built from '2022.3/respin/2022.3.62f2-4af31df585-v2' branch; Version is '2022.3.62f3 (96770f904ca7) revision 9860879'; Using compiler version '192829333'; Build Type 'Release'
OS: 'Windows 11  (10.0.26100) 64bit Core' Language: 'en' Physical Memory: 15775 MB
BatchMode: 1, IsHumanControllingUs: 0, StartBugReporterOnCrash: 0, Is64bit: 1, IsPro: 1

COMMAND LINE ARGUMENTS:
C:\Program Files\Unity\Hub\Editor\2022.3.62f3\Editor\Unity.exe
-adb2
-batchMode
-noUpm
-name
AssetImportWorker2
-projectPath
D:/City Builder
-logFile
Logs/AssetImportWorker2.log
-srvPort
55247
Successfully changed project path to: D:/City Builder
D:/City Builder
[UnityMemory] Configuration Parameters - Can be set up in boot.config
    "memorysetup-bucket-allocator-granularity=16"
    "memorysetup-bucket-allocator-bucket-count=8"
    "memorysetup-bucket-allocator-block-size=33554432"
    "memorysetup-bucket-allocator-block-count=8"
    "memorysetup-main-allocator-block-size=16777216"
    "memorysetup-thread-allocator-block-size=16777216"
    "memorysetup-gfx-main-allocator-block-size=16777216"
    "memorysetup-gfx-thread-allocator-block-size=16777216"
    "memorysetup-cache-allocator-block-size=4194304"
    "memorysetup-typetree-allocator-block-size=2097152"
    "memorysetup-profiler-bucket-allocator-granularity=16"
    "memorysetup-profiler-bucket-allocator-bucket-count=8"
    "memorysetup-profiler-bucket-allocator-block-size=33554432"
    "memorysetup-profiler-bucket-allocator-block-count=8"
    "memorysetup-profiler-allocator-block-size=16777216"
    "memorysetup-profiler-editor-allocator-block-size=1048576"
    "memorysetup-temp-allocator-size-main=16777216"
    "memorysetup-job-temp-allocator-block-size=2097152"
    "memorysetup-job-temp-allocator-block-size-background=1048576"
    "memorysetup-job-temp-allocator-reduction-small-platforms=262144"
    "memorysetup-allocator-temp-initial-block-size-main=262144"
    "memorysetup-allocator-temp-initial-block-size-worker=262144"
    "memorysetup-temp-allocator-size-background-worker=32768"
    "memorysetup-temp-allocator-size-job-worker=262144"
    "memorysetup-temp-allocator-size-preload-manager=33554432"
    "memorysetup-temp-allocator-size-nav-mesh-worker=65536"
    "memorysetup-temp-allocator-size-audio-worker=65536"
    "memorysetup-temp-allocator-size-cloud-worker=32768"
    "memorysetup-temp-allocator-size-gi-baking-worker=262144"
    "memorysetup-temp-allocator-size-gfx=262144"
Player connection [29036]  Target information:

Player connection [29036]  * "[IP] 192.168.1.119 [Port] 0 [Flags] 2 [Guid] 3064439607 [EditorId] 3064439607 [Version] 1048832 [Id] WindowsEditor(7,LAPTOP-084FIPT6) [Debug] 1 [PackageName] WindowsEditor [ProjectName] Editor" 

Player connection [29036] Host joined multi-casting on [225.0.0.222:54997]...
Player connection [29036] Host joined alternative multi-casting on [225.0.0.222:34997]...
Input System module state changed to: Initialized.
[PhysX] Initialized MultithreadedTaskDispatcher with 16 workers.
Refreshing native plugins compatible for Editor in 32.40 ms, found 6 plugins.
Preloading 2 native plugins for Editor in 5.47 ms.
Initialize engine version: 2022.3.62f3 (96770f904ca7)
[Subsystems] Discovering subsystems at path C:/Program Files/Unity/Hub/Editor/2022.3.62f3/Editor/Data/Resources/UnitySubsystems
[Subsystems] Discovering subsystems at path D:/City Builder/Assets
GfxDevice: creating device client; threaded=0; jobified=0
Direct3D:
    Version:  Direct3D 11.0 [level 11.1]
    Renderer: NVIDIA GeForce RTX 3050 Ti Laptop GPU (ID=0x25a0)
    Vendor:   NVIDIA
    VRAM:     3962 MB
    Driver:   32.0.15.7602
Initialize mono
Mono path[0] = 'C:/Program Files/Unity/Hub/Editor/2022.3.62f3/Editor/Data/Managed'
Mono path[1] = 'C:/Program Files/Unity/Hub/Editor/2022.3.62f3/Editor/Data/MonoBleedingEdge/lib/mono/unityjit-win32'
Mono config path = 'C:/Program Files/Unity/Hub/Editor/2022.3.62f3/Editor/Data/MonoBleedingEdge/etc'
Using monoOptions --debugger-agent=transport=dt_socket,embedding=1,server=y,suspend=n,address=127.0.0.1:56508
Begin MonoManager ReloadAssembly
Registering precompiled unity dll's ...
Register platform support module: C:/Program Files/Unity/Hub/Editor/2022.3.62f3/Editor/Data/PlaybackEngines/AndroidPlayer/UnityEditor.Android.Extensions.dll
Register platform support module: C:/Program Files/Unity/Hub/Editor/2022.3.62f3/Editor/Data/PlaybackEngines/WindowsStandaloneSupport/UnityEditor.WindowsStandalone.Extensions.dll
Registered in 0.020393 seconds.
- Loaded All Assemblies, in  0.647 seconds
Native extension for WindowsStandalone target not found
Native extension for Android target not found
Android Extension - Scanning For ADB Devices 476 ms
Mono: successfully reloaded assembly
- Finished resetting the current domain, in  1.090 seconds
Domain Reload Profiling: 1731ms
	BeginReloadAssembly (202ms)
		ExecutionOrderSort (0ms)
		DisableScriptedObjects (0ms)
		BackupInstance (0ms)
		ReleaseScriptingObjects (0ms)
		CreateAndSetChildDomain (1ms)
	RebuildCommonClasses (59ms)
	RebuildNativeTypeToScriptingClass (16ms)
	initialDomainReloadingComplete (117ms)
	LoadAllAssembliesAndSetupDomain (247ms)
		LoadAssemblies (198ms)
		RebuildTransferFunctionScriptingTraits (0ms)
		AnalyzeDomain (243ms)
			TypeCache.Refresh (240ms)
				TypeCache.ScanAssembly (219ms)
			ScanForSourceGeneratedMonoScriptInfo (1ms)
			ResolveRequiredComponents (1ms)
	FinalizeReload (1091ms)
		ReleaseScriptCaches (0ms)
		RebuildScriptCaches (0ms)
		SetupLoadedEditorAssemblies (1012ms)
			LogAssemblyErrors (0ms)
			InitializePlatformSupportModulesInManaged (658ms)
			SetLoadedEditorAssemblies (8ms)
			RefreshPlugins (0ms)
			BeforeProcessingInitializeOnLoad (4ms)
			ProcessInitializeOnLoadAttributes (256ms)
			ProcessInitializeOnLoadMethodAttributes (86ms)
			AfterProcessingInitializeOnLoad (0ms)
			EditorAssembliesLoaded (0ms)
		ExecutionOrderSort2 (0ms)
		AwakeInstancesAfterBackupRestoration (0ms)
========================================================================
Worker process is ready to serve import requests
Caller must complete domain reload
Begin MonoManager ReloadAssembly
Symbol file LoadedFromMemory is not a mono symbol file
- Loaded All Assemblies, in  1.259 seconds
Native extension for WindowsStandalone target not found
Native extension for Android target not found
Mono: successfully reloaded assembly
- Finished resetting the current domain, in  1.192 seconds
Domain Reload Profiling: 2447ms
	BeginReloadAssembly (258ms)
		ExecutionOrderSort (0ms)
		DisableScriptedObjects (10ms)
		BackupInstance (0ms)
		ReleaseScriptingObjects (0ms)
		CreateAndSetChildDomain (35ms)
	RebuildCommonClasses (58ms)
	RebuildNativeTypeToScriptingClass (16ms)
	initialDomainReloadingComplete (83ms)
	LoadAllAssembliesAndSetupDomain (838ms)
		LoadAssemblies (638ms)
		RebuildTransferFunctionScriptingTraits (0ms)
		AnalyzeDomain (355ms)
			TypeCache.Refresh (311ms)
				TypeCache.ScanAssembly (285ms)
			ScanForSourceGeneratedMonoScriptInfo (30ms)
			ResolveRequiredComponents (10ms)
	FinalizeReload (1193ms)
		ReleaseScriptCaches (0ms)
		RebuildScriptCaches (0ms)
		SetupLoadedEditorAssemblies (904ms)
			LogAssemblyErrors (0ms)
			InitializePlatformSupportModulesInManaged (38ms)
			SetLoadedEditorAssemblies (5ms)
			RefreshPlugins (0ms)
			BeforeProcessingInitializeOnLoad (116ms)
			ProcessInitializeOnLoadAttributes (683ms)
			ProcessInitializeOnLoadMethodAttributes (40ms)
			AfterProcessingInitializeOnLoad (21ms)
			EditorAssembliesLoaded (0ms)
		ExecutionOrderSort2 (0ms)
		AwakeInstancesAfterBackupRestoration (14ms)
Launched and connected shader compiler UnityShaderCompiler.exe after 0.07 seconds
Refreshing native plugins compatible for Editor in 18.92 ms, found 6 plugins.
Preloading 2 native plugins for Editor in 0.28 ms.
Unloading 3730 Unused Serialized files (Serialized files now loaded: 0)
Unloading 27 unused Assets / (92.5 KB). Loaded Objects now: 4536.
Memory consumption went from 146.0 MB to 145.9 MB.
Total: 9.962100 ms (FindLiveObjects: 0.878800 ms CreateObjectMapping: 0.597000 ms MarkObjects: 8.211500 ms  DeleteObjects: 0.272400 ms)

AssetImportParameters requested are different than current active one (requested -> active):
  custom:container-demuxer-ogg: 62fdf1f143b41e24485cea50d1cbac27 -> 
  custom:video-codec-MediaFoundation-h265: 746d11721c4dcdbdad8f713fa42b33f4 -> 
  custom:video-decoder-ogg-theora: a1e56fd34408186e4bbccfd4996cb3dc -> 
  custom:framework-win-MediaFoundation: 216162199b28c13a410421893ffa2e32 -> 
  custom:scripting/monoscript/fileName/NewBehaviourScript.cs: b21687ddb03d73bd9f0c1daecb9714de -> 
  custom:CustomObjectIndexerAttribute: 9a22284fe3817be447336de3de66b15e -> 
  custom:container-demuxer-webm: 4f35f7cbe854078d1ac9338744f61a02 -> 
  custom:scripting/monoscript/fileName/ServiceBuilding.cs: 12c3a1e7846e6cf15945249c36d00691 -> 
  custom:container-muxer-webm: aa71ff27fc2769a1b78a27578f13a17b -> 
  custom:video-decoder-webm-vp8: 9c59270c3fd7afecdb556c50c9e8de78 -> 
  custom:SearchIndexIgnoredProperties: e643bd26f0fe6173181afceb89e7c659 -> 
  custom:AudioImporter_EditorPlatform: d09bf68614088b80899f8185d706f6e7 -> 
  custom:video-encoder-webm-vp8: eb34c28f22e8b96e1ab97ce403110664 -> 
  custom:audio-decoder-ogg-vorbis: bf7c407c2cedff20999df2af8eb42d56 -> 
  custom:audio-encoder-webm-vorbis: bf7c407c2cedff20999df2af8eb42d56 -> 
========================================================================
Received Import Request.
  Time since last request: 68494.658779 seconds.
  path: Assets/GameUI.uxml
  artifactKey: Guid(0792fafab11b45647835197319d42ae4) Importer(815301076,1909f56bfc062723c751e8b465ee728b)
Start importing Assets/GameUI.uxml using Guid(0792fafab11b45647835197319d42ae4) Importer(815301076,1909f56bfc062723c751e8b465ee728b) [PhysX] Initialized MultithreadedTaskDispatcher with 16 workers.
 -> (artifact id: '46bbe76a3280ea72b277471b81fc40f6') in 0.047762 seconds
Number of updated asset objects reloaded before import = 0
Number of asset objects unloaded after import = 6
========================================================================
Received Import Request.
  Time since last request: 91.479103 seconds.
  path: Assets/dollar-symbol.svg
  artifactKey: Guid(28fdafcf271444c4d8aded3d07ac5fba) Importer(815301076,1909f56bfc062723c751e8b465ee728b)
Start importing Assets/dollar-symbol.svg using Guid(28fdafcf271444c4d8aded3d07ac5fba) Importer(815301076,1909f56bfc062723c751e8b465ee728b) [PhysX] Initialized MultithreadedTaskDispatcher with 16 workers.
 -> (artifact id: '39b48c1f7aacbac4dd2971222d8ab911') in 0.001455 seconds
Number of updated asset objects reloaded before import = 0
Number of asset objects unloaded after import = 1
========================================================================
Received Import Request.
  Time since last request: 139.654150 seconds.
  path: Assets/coin.png
  artifactKey: Guid(51127e3b4c7146b4fb418f488bead3de) Importer(815301076,1909f56bfc062723c751e8b465ee728b)
Start importing Assets/coin.png using Guid(51127e3b4c7146b4fb418f488bead3de) Importer(815301076,1909f56bfc062723c751e8b465ee728b) [PhysX] Initialized MultithreadedTaskDispatcher with 16 workers.
[PhysX] Initialized MultithreadedTaskDispatcher with 16 workers.
 -> (artifact id: 'd8d80eef0743657e519abda0fbf7d4a5') in 0.081594 seconds
Number of updated asset objects reloaded before import = 0
Number of asset objects unloaded after import = 2
========================================================================
Received Import Request.
  Time since last request: 121.738479 seconds.
  path: Assets/GameUI.uxml
  artifactKey: Guid(0792fafab11b45647835197319d42ae4) Importer(815301076,1909f56bfc062723c751e8b465ee728b)
Start importing Assets/GameUI.uxml using Guid(0792fafab11b45647835197319d42ae4) Importer(815301076,1909f56bfc062723c751e8b465ee728b) [PhysX] Initialized MultithreadedTaskDispatcher with 16 workers.
 -> (artifact id: '9c551d7ffa1cdb873d8b133453782fea') in 0.009376 seconds
Number of updated asset objects reloaded before import = 0
Number of asset objects unloaded after import = 6
========================================================================
Received Import Request.
  Time since last request: 110.592468 seconds.
  path: Assets/people (2).png
  artifactKey: Guid(ff5479810011b314483706dfea61bb73) Importer(815301076,1909f56bfc062723c751e8b465ee728b)
Start importing Assets/people (2).png using Guid(ff5479810011b314483706dfea61bb73) Importer(815301076,1909f56bfc062723c751e8b465ee728b) [PhysX] Initialized MultithreadedTaskDispatcher with 16 workers.
[PhysX] Initialized MultithreadedTaskDispatcher with 16 workers.
 -> (artifact id: 'd82664455e4d8b6fc334c9ebc4be98ef') in 0.016098 seconds
Number of updated asset objects reloaded before import = 0
Number of asset objects unloaded after import = 2
========================================================================
Received Import Request.
  Time since last request: 2.665127 seconds.
  path: Assets/Editor/Vuforia/ImageTargetTextures/CityBuilderImageTargets/factory_scaled.jpg
  artifactKey: Guid(585030f7c1764cb980e0c1cf4da724ff) Importer(815301076,1909f56bfc062723c751e8b465ee728b)
Start importing Assets/Editor/Vuforia/ImageTargetTextures/CityBuilderImageTargets/factory_scaled.jpg using Guid(585030f7c1764cb980e0c1cf4da724ff) Importer(815301076,1909f56bfc062723c751e8b465ee728b) [PhysX] Initialized MultithreadedTaskDispatcher with 16 workers.
[PhysX] Initialized MultithreadedTaskDispatcher with 16 workers.
 -> (artifact id: '6b8d8f44882dd83c4af843f58d8b877d') in 0.023854 seconds
Number of updated asset objects reloaded before import = 0
Number of asset objects unloaded after import = 2
========================================================================
Received Import Request.
  Time since last request: 0.007117 seconds.
  path: Assets/City/kenney_city-kit-suburban_20/Previews/fence-1x4.png
  artifactKey: Guid(e15e6f2781cdb8d4bbf18384a2f02cad) Importer(815301076,1909f56bfc062723c751e8b465ee728b)
Start importing Assets/City/kenney_city-kit-suburban_20/Previews/fence-1x4.png using Guid(e15e6f2781cdb8d4bbf18384a2f02cad) Importer(815301076,1909f56bfc062723c751e8b465ee728b) [PhysX] Initialized MultithreadedTaskDispatcher with 16 workers.
[PhysX] Initialized MultithreadedTaskDispatcher with 16 workers.
 -> (artifact id: '14e84c43d1425c543e17987400216c4b') in 0.007322 seconds
Number of updated asset objects reloaded before import = 0
Number of asset objects unloaded after import = 2
========================================================================
Received Import Request.
  Time since last request: 0.000026 seconds.
  path: Assets/City/kenney_city-kit-suburban_20/Previews/fence-1x2.png
  artifactKey: Guid(87d23170320f83340a47e40b94705046) Importer(815301076,1909f56bfc062723c751e8b465ee728b)
Start importing Assets/City/kenney_city-kit-suburban_20/Previews/fence-1x2.png using Guid(87d23170320f83340a47e40b94705046) Importer(815301076,1909f56bfc062723c751e8b465ee728b) [PhysX] Initialized MultithreadedTaskDispatcher with 16 workers.
[PhysX] Initialized MultithreadedTaskDispatcher with 16 workers.
 -> (artifact id: 'e12eb5ef1bf5d88f7a2e2da1b2c17108') in 0.009467 seconds
Number of updated asset objects reloaded before import = 0
Number of asset objects unloaded after import = 2
========================================================================
Received Import Request.
  Time since last request: 0.000023 seconds.
  path: Assets/City/kenney_city-kit-suburban_20/Previews/fence-2x3.png
  artifactKey: Guid(7a4366f94410d0444951b2974b088592) Importer(815301076,1909f56bfc062723c751e8b465ee728b)
Start importing Assets/City/kenney_city-kit-suburban_20/Previews/fence-2x3.png using Guid(7a4366f94410d0444951b2974b088592) Importer(815301076,1909f56bfc062723c751e8b465ee728b) [PhysX] Initialized MultithreadedTaskDispatcher with 16 workers.
[PhysX] Initialized MultithreadedTaskDispatcher with 16 workers.
 -> (artifact id: 'b7974a0702b94f38898717aaa904e319') in 0.008670 seconds
Number of updated asset objects reloaded before import = 0
Number of asset objects unloaded after import = 2
========================================================================
Received Import Request.
  Time since last request: 0.000024 seconds.
  path: Assets/City/kenney_city-kit-suburban_20/Previews/fence-3x3.png
  artifactKey: Guid(b2ff1cbab2da6714cbb182cc9b02f926) Importer(815301076,1909f56bfc062723c751e8b465ee728b)
Start importing Assets/City/kenney_city-kit-suburban_20/Previews/fence-3x3.png using Guid(b2ff1cbab2da6714cbb182cc9b02f926) Importer(815301076,1909f56bfc062723c751e8b465ee728b) [PhysX] Initialized MultithreadedTaskDispatcher with 16 workers.
[PhysX] Initialized MultithreadedTaskDispatcher with 16 workers.
 -> (artifact id: '28a5e4babb3a6cee64d794463df96ffb') in 0.009520 seconds
Number of updated asset objects reloaded before import = 0
Number of asset objects unloaded after import = 2
========================================================================
Received Import Request.
  Time since last request: 0.000024 seconds.
  path: Assets/City/kenney_holiday-kit/Previews/floor-stone.png
  artifactKey: Guid(31e273cc4629d8d4da5c5c120c556362) Importer(815301076,1909f56bfc062723c751e8b465ee728b)
Start importing Assets/City/kenney_holiday-kit/Previews/floor-stone.png using Guid(31e273cc4629d8d4da5c5c120c556362) Importer(815301076,1909f56bfc062723c751e8b465ee728b) [PhysX] Initialized MultithreadedTaskDispatcher with 16 workers.
[PhysX] Initialized MultithreadedTaskDispatcher with 16 workers.
 -> (artifact id: 'cae0d20714ff882091a2dfa294917340') in 0.008271 seconds
Number of updated asset objects reloaded before import = 0
Number of asset objects unloaded after import = 2
========================================================================
Received Import Request.
  Time since last request: 0.000024 seconds.
  path: Assets/City/kenney_holiday-kit/Previews/floor-wood.png
  artifactKey: Guid(47a03087391b5c844a009a1edc415f91) Importer(815301076,1909f56bfc062723c751e8b465ee728b)
Start importing Assets/City/kenney_holiday-kit/Previews/floor-wood.png using Guid(47a03087391b5c844a009a1edc415f91) Importer(815301076,1909f56bfc062723c751e8b465ee728b) [PhysX] Initialized MultithreadedTaskDispatcher with 16 workers.
[PhysX] Initialized MultithreadedTaskDispatcher with 16 workers.
 -> (artifact id: '094e8e0e0352d839b4f2dfac7555218e') in 0.010471 seconds
Number of updated asset objects reloaded before import = 0
Number of asset objects unloaded after import = 2
========================================================================
Received Import Request.
  Time since last request: 0.020205 seconds.
  path: Assets/City/kenney_holiday-kit/Previews/gingerbread-man.png
  artifactKey: Guid(26a805807ef19244d8390d8a5c5ba423) Importer(815301076,1909f56bfc062723c751e8b465ee728b)
Start importing Assets/City/kenney_holiday-kit/Previews/gingerbread-man.png using Guid(26a805807ef19244d8390d8a5c5ba423) Importer(815301076,1909f56bfc062723c751e8b465ee728b) [PhysX] Initialized MultithreadedTaskDispatcher with 16 workers.
[PhysX] Initialized MultithreadedTaskDispatcher with 16 workers.
 -> (artifact id: 'cd45ccee618423db6700c56b00a225ee') in 0.009004 seconds
Number of updated asset objects reloaded before import = 0
Number of asset objects unloaded after import = 2
========================================================================
Received Import Request.
  Time since last request: 0.020190 seconds.
  path: Assets/City/kenney_holiday-kit/Previews/hanukkah-dreidel.png
  artifactKey: Guid(e31f588b7f236a94cac52d416552d8f4) Importer(815301076,1909f56bfc062723c751e8b465ee728b)
Start importing Assets/City/kenney_holiday-kit/Previews/hanukkah-dreidel.png using Guid(e31f588b7f236a94cac52d416552d8f4) Importer(815301076,1909f56bfc062723c751e8b465ee728b) [PhysX] Initialized MultithreadedTaskDispatcher with 16 workers.
[PhysX] Initialized MultithreadedTaskDispatcher with 16 workers.
 -> (artifact id: 'b80b5f58fe6e917d2ba915cbaf6ad7b2') in 0.009016 seconds
Number of updated asset objects reloaded before import = 0
Number of asset objects unloaded after import = 2
========================================================================
Received Import Request.
  Time since last request: 0.013689 seconds.
  path: Assets/Editor/Vuforia/ImageTargetTextures/CityBuilderImageTargets/House_3_scaled.jpg
  artifactKey: Guid(beef11ae2ed34fe1b7f7df58885a1c85) Importer(815301076,1909f56bfc062723c751e8b465ee728b)
Start importing Assets/Editor/Vuforia/ImageTargetTextures/CityBuilderImageTargets/House_3_scaled.jpg using Guid(beef11ae2ed34fe1b7f7df58885a1c85) Importer(815301076,1909f56bfc062723c751e8b465ee728b) [PhysX] Initialized MultithreadedTaskDispatcher with 16 workers.
[PhysX] Initialized MultithreadedTaskDispatcher with 16 workers.
 -> (artifact id: '65a1aea95e5073af381d3a88ad90691b') in 0.018320 seconds
Number of updated asset objects reloaded before import = 0
Number of asset objects unloaded after import = 2
========================================================================
Received Import Request.
  Time since last request: 0.000027 seconds.
  path: Assets/Editor/Vuforia/ImageTargetTextures/CityBuilderImageTargets/House_2_scaled.jpg
  artifactKey: Guid(a05ba3e0c1e74ad0bb90372acb4c4cfc) Importer(815301076,1909f56bfc062723c751e8b465ee728b)
Start importing Assets/Editor/Vuforia/ImageTargetTextures/CityBuilderImageTargets/House_2_scaled.jpg using Guid(a05ba3e0c1e74ad0bb90372acb4c4cfc) Importer(815301076,1909f56bfc062723c751e8b465ee728b) [PhysX] Initialized MultithreadedTaskDispatcher with 16 workers.
[PhysX] Initialized MultithreadedTaskDispatcher with 16 workers.
 -> (artifact id: '68f45474c470270e7d9317a628df47f3') in 0.018490 seconds
Number of updated asset objects reloaded before import = 0
Number of asset objects unloaded after import = 2
========================================================================
Received Import Request.
  Time since last request: 0.000026 seconds.
  path: Assets/City/kenney_city-kit-roads/Previews/light-curved.png
  artifactKey: Guid(a6c4f76f30565c941ae3d9e146c1b682) Importer(815301076,1909f56bfc062723c751e8b465ee728b)
Start importing Assets/City/kenney_city-kit-roads/Previews/light-curved.png using Guid(a6c4f76f30565c941ae3d9e146c1b682) Importer(815301076,1909f56bfc062723c751e8b465ee728b) [PhysX] Initialized MultithreadedTaskDispatcher with 16 workers.
[PhysX] Initialized MultithreadedTaskDispatcher with 16 workers.
 -> (artifact id: '343169928183fe7df15bc0354daf6b6c') in 0.010003 seconds
Number of updated asset objects reloaded before import = 0
Number of asset objects unloaded after import = 2
========================================================================
Received Import Request.
  Time since last request: 0.000028 seconds.
  path: Assets/City/kenney_holiday-kit/Previews/lantern-hanging.png
  artifactKey: Guid(08c466624d978d743b4f90cd0955f5d0) Importer(815301076,1909f56bfc062723c751e8b465ee728b)
Start importing Assets/City/kenney_holiday-kit/Previews/lantern-hanging.png using Guid(08c466624d978d743b4f90cd0955f5d0) Importer(815301076,1909f56bfc062723c751e8b465ee728b) [PhysX] Initialized MultithreadedTaskDispatcher with 16 workers.
[PhysX] Initialized MultithreadedTaskDispatcher with 16 workers.
 -> (artifact id: '2a87d609e0ed770d78fa9f020a009e91') in 0.009389 seconds
Number of updated asset objects reloaded before import = 0
Number of asset objects unloaded after import = 2
========================================================================
Received Import Request.
  Time since last request: 0.000030 seconds.
  path: Assets/Editor/Vuforia/ImageTargetTextures/CityBuilderImageTargets/House_5_scaled.jpg
  artifactKey: Guid(e870b0c5855546c4824c8931ca0d64fd) Importer(815301076,1909f56bfc062723c751e8b465ee728b)
Start importing Assets/Editor/Vuforia/ImageTargetTextures/CityBuilderImageTargets/House_5_scaled.jpg using Guid(e870b0c5855546c4824c8931ca0d64fd) Importer(815301076,1909f56bfc062723c751e8b465ee728b) [PhysX] Initialized MultithreadedTaskDispatcher with 16 workers.
[PhysX] Initialized MultithreadedTaskDispatcher with 16 workers.
 -> (artifact id: '259e15a1edbe44220580dc21fa84b1ec') in 0.024043 seconds
Number of updated asset objects reloaded before import = 0
Number of asset objects unloaded after import = 2
========================================================================
Received Import Request.
  Time since last request: 0.000030 seconds.
  path: Assets/City/kenney_holiday-kit/Previews/lights-red.png
  artifactKey: Guid(0a239664853ac9f4f973f0cd8606188a) Importer(815301076,1909f56bfc062723c751e8b465ee728b)
Start importing Assets/City/kenney_holiday-kit/Previews/lights-red.png using Guid(0a239664853ac9f4f973f0cd8606188a) Importer(815301076,1909f56bfc062723c751e8b465ee728b) [PhysX] Initialized MultithreadedTaskDispatcher with 16 workers.
[PhysX] Initialized MultithreadedTaskDispatcher with 16 workers.
 -> (artifact id: '939add8486085affcdf5e5a409433bec') in 0.011009 seconds
Number of updated asset objects reloaded before import = 0
Number of asset objects unloaded after import = 2
========================================================================
Received Import Request.
  Time since last request: 0.000024 seconds.
  path: Assets/City/kenney_city-kit-commercial_2.1/Previews/low-detail-building-d.png
  artifactKey: Guid(1878ddb1bf130cb42b8b82897112a69e) Importer(815301076,1909f56bfc062723c751e8b465ee728b)
Start importing Assets/City/kenney_city-kit-commercial_2.1/Previews/low-detail-building-d.png using Guid(1878ddb1bf130cb42b8b82897112a69e) Importer(815301076,1909f56bfc062723c751e8b465ee728b) [PhysX] Initialized MultithreadedTaskDispatcher with 16 workers.
[PhysX] Initialized MultithreadedTaskDispatcher with 16 workers.
 -> (artifact id: '62d148df0073652ed9f8e0e0ca6906f3') in 0.009084 seconds
Number of updated asset objects reloaded before import = 0
Number of asset objects unloaded after import = 2
========================================================================
Received Import Request.
  Time since last request: 0.000023 seconds.
  path: Assets/City/kenney_city-kit-commercial_2.1/Previews/low-detail-building-g.png
  artifactKey: Guid(d947b7e4cc52c4e4b9dfda726a798fa5) Importer(815301076,1909f56bfc062723c751e8b465ee728b)
Start importing Assets/City/kenney_city-kit-commercial_2.1/Previews/low-detail-building-g.png using Guid(d947b7e4cc52c4e4b9dfda726a798fa5) Importer(815301076,1909f56bfc062723c751e8b465ee728b) [PhysX] Initialized MultithreadedTaskDispatcher with 16 workers.
[PhysX] Initialized MultithreadedTaskDispatcher with 16 workers.
 -> (artifact id: '13256536927534115a0c572042bf0c1f') in 0.008996 seconds
Number of updated asset objects reloaded before import = 0
Number of asset objects unloaded after import = 2
========================================================================
Received Import Request.
  Time since last request: 0.000023 seconds.
  path: Assets/City/kenney_city-kit-commercial_2.1/Previews/low-detail-building-h.png
  artifactKey: Guid(ac1e061d5d24ae14982566dc1639e3c0) Importer(815301076,1909f56bfc062723c751e8b465ee728b)
Start importing Assets/City/kenney_city-kit-commercial_2.1/Previews/low-detail-building-h.png using Guid(ac1e061d5d24ae14982566dc1639e3c0) Importer(815301076,1909f56bfc062723c751e8b465ee728b) [PhysX] Initialized MultithreadedTaskDispatcher with 16 workers.
[PhysX] Initialized MultithreadedTaskDispatcher with 16 workers.
 -> (artifact id: '9471a06da9a9ac5ad7a9c97ab67d7001') in 0.009954 seconds
Number of updated asset objects reloaded before import = 0
Number of asset objects unloaded after import = 2
========================================================================
Received Import Request.
  Time since last request: 0.000029 seconds.
  path: Assets/City/kenney_city-kit-commercial_2.1/Previews/low-detail-building-j.png
  artifactKey: Guid(aaca949a978a3b340bdeaade42dc36c1) Importer(815301076,1909f56bfc062723c751e8b465ee728b)
Start importing Assets/City/kenney_city-kit-commercial_2.1/Previews/low-detail-building-j.png using Guid(aaca949a978a3b340bdeaade42dc36c1) Importer(815301076,1909f56bfc062723c751e8b465ee728b) [PhysX] Initialized MultithreadedTaskDispatcher with 16 workers.
[PhysX] Initialized MultithreadedTaskDispatcher with 16 workers.
 -> (artifact id: 'f92c4486c8bb3ba55f4ba34678ab5d36') in 0.009406 seconds
Number of updated asset objects reloaded before import = 0
Number of asset objects unloaded after import = 2
========================================================================
Received Import Request.
  Time since last request: 0.000038 seconds.
  path: Assets/City/kenney_city-kit-commercial_2.1/Previews/low-detail-building-f.png
  artifactKey: Guid(a260b0d20f5860147a68cb8d473fbada) Importer(815301076,1909f56bfc062723c751e8b465ee728b)
Start importing Assets/City/kenney_city-kit-commercial_2.1/Previews/low-detail-building-f.png using Guid(a260b0d20f5860147a68cb8d473fbada) Importer(815301076,1909f56bfc062723c751e8b465ee728b) [PhysX] Initialized MultithreadedTaskDispatcher with 16 workers.
[PhysX] Initialized MultithreadedTaskDispatcher with 16 workers.
 -> (artifact id: 'f240eb456ae500b3e3ef6f0a72cc9dbd') in 0.009409 seconds
Number of updated asset objects reloaded before import = 0
Number of asset objects unloaded after import = 2
========================================================================
Received Import Request.
  Time since last request: 0.000028 seconds.
  path: Assets/City/kenney_city-kit-roads/Previews/light-curved-double.png
  artifactKey: Guid(ba4ed81b892565a409c9b3da986f71ef) Importer(815301076,1909f56bfc062723c751e8b465ee728b)
Start importing Assets/City/kenney_city-kit-roads/Previews/light-curved-double.png using Guid(ba4ed81b892565a409c9b3da986f71ef) Importer(815301076,1909f56bfc062723c751e8b465ee728b) [PhysX] Initialized MultithreadedTaskDispatcher with 16 workers.
[PhysX] Initialized MultithreadedTaskDispatcher with 16 workers.
 -> (artifact id: '9dc743b584d04f4cbc269ed413bde807') in 0.008750 seconds
Number of updated asset objects reloaded before import = 0
Number of asset objects unloaded after import = 2
========================================================================
Received Import Request.
  Time since last request: 0.000023 seconds.
  path: Assets/Editor/Vuforia/ImageTargetTextures/CityBuilderImageTargets/House_1_scaled.jpg
  artifactKey: Guid(ba9008b80c6b4b4585709a76ad2101fc) Importer(815301076,1909f56bfc062723c751e8b465ee728b)
Start importing Assets/Editor/Vuforia/ImageTargetTextures/CityBuilderImageTargets/House_1_scaled.jpg using Guid(ba9008b80c6b4b4585709a76ad2101fc) Importer(815301076,1909f56bfc062723c751e8b465ee728b) [PhysX] Initialized MultithreadedTaskDispatcher with 16 workers.
[PhysX] Initialized MultithreadedTaskDispatcher with 16 workers.
 -> (artifact id: '8c0b15094fcf8f41370f5f806ebe7da4') in 0.020270 seconds
Number of updated asset objects reloaded before import = 0
Number of asset objects unloaded after import = 2
Editor requested this worker to shutdown with reason: Scaling down because of idle timeout
TcpMessagingSession - receive error: operation aborted. errorcode: 995, details: The I/O operation has been aborted because of either a thread exit or an application request.
AssetImportWorker is now disconnected from the server
Process exiting
Exiting without the bug reporter. Application will terminate with return code 0